e:\programing\visual studio 2019\projects\snake\x64\release\vc142.pdb
e:\programing\visual studio 2019\projects\snake\x64\release\snakehead.obj
e:\programing\visual studio 2019\projects\snake\x64\release\snakehandler.obj
e:\programing\visual studio 2019\projects\snake\x64\release\snakebody.obj
e:\programing\visual studio 2019\projects\snake\x64\release\snake.obj
e:\programing\visual studio 2019\projects\snake\x64\release\pellets.obj
e:\programing\visual studio 2019\projects\snake\x64\release\mainhandler.obj
e:\programing\visual studio 2019\projects\snake\x64\release\main.obj
e:\programing\visual studio 2019\projects\snake\x64\release\gamehandler.obj
e:\programing\visual studio 2019\projects\snake\x64\release\vc143.pdb
e:\programing\visual studio 2019\projects\snake\x64\release\scorehandler.obj
e:\programing\visual studio 2019\projects\snake\x64\release\texthandler.obj
e:\programing\visual studio 2019\projects\snake\release_bin\snake.exe
e:\programing\visual studio 2019\projects\snake\x64\release\snake.ipdb
e:\programing\visual studio 2019\projects\snake\release_bin\snake.pdb
e:\programing\visual studio 2019\projects\snake\x64\release\snake.iobj
e:\programing\visual studio 2019\projects\snake\release_bin\snake.ipdb
e:\programing\visual studio 2019\projects\snake\release_bin\snake.iobj
e:\programing\visual studio 2019\projects\snake\x64\release\fonthandler.obj
e:\programing\visual studio 2019\projects\snake\x64\release\snake.tlog\cl.command.1.tlog
e:\programing\visual studio 2019\projects\snake\x64\release\snake.tlog\cl.read.1.tlog
e:\programing\visual studio 2019\projects\snake\x64\release\snake.tlog\cl.write.1.tlog
e:\programing\visual studio 2019\projects\snake\x64\release\snake.tlog\link.command.1.tlog
e:\programing\visual studio 2019\projects\snake\x64\release\snake.tlog\link.read.1.tlog
e:\programing\visual studio 2019\projects\snake\x64\release\snake.tlog\link.write.1.tlog
e:\programing\visual studio 2019\projects\snake\x64\release\snake.tlog\snake.write.1u.tlog
